{
  "stats": {
    "suites": 1,
    "tests": 2,
    "passes": 2,
    "pending": 0,
    "failures": 0,
    "start": "2017-09-22T02:53:51.642Z",
    "end": "2017-09-22T02:53:51.647Z",
    "duration": 5,
    "testsRegistered": 2,
    "passPercent": 100,
    "pendingPercent": 0,
    "other": 0,
    "hasOther": false,
    "skipped": 0,
    "hasSkipped": false,
    "passPercentClass": "success",
    "pendingPercentClass": "danger"
  },
  "suites": {
    "title": "",
    "suites": [
      {
        "title": "加法函数的测试",
        "suites": [],
        "tests": [
          {
            "title": "1 加 1 应该等于 2",
            "fullTitle": "加法函数的测试 1 加 1 应该等于 2",
            "timedOut": false,
            "duration": 0,
            "state": "passed",
            "speed": "fast",
            "pass": true,
            "fail": false,
            "pending": false,
            "code": "expect(add(1, 1)).to.be.equal(2);",
            "err": {},
            "isRoot": false,
            "uuid": "497b21d5-ebef-4d5e-a5ad-2d7257662b01",
            "parentUUID": "baf664f5-85a7-4408-bb94-dcd35f908fa0",
            "isHook": false,
            "skipped": false
          },
          {
            "title": "任何数加0应该等于自身",
            "fullTitle": "加法函数的测试 任何数加0应该等于自身",
            "timedOut": false,
            "duration": 0,
            "state": "passed",
            "speed": "fast",
            "pass": true,
            "fail": false,
            "pending": false,
            "code": "expect(add(1, 0)).to.be.equal(1);",
            "err": {},
            "isRoot": false,
            "uuid": "554c8587-8759-416f-b9a3-e89d6a138fe1",
            "parentUUID": "baf664f5-85a7-4408-bb94-dcd35f908fa0",
            "isHook": false,
            "skipped": false
          }
        ],
        "pending": [],
        "root": false,
        "_timeout": 2000,
        "file": "/test/add.test.js",
        "uuid": "baf664f5-85a7-4408-bb94-dcd35f908fa0",
        "beforeHooks": [],
        "afterHooks": [],
        "fullFile": "/home/hanrong/桌面/mocha-demos/demo02/test/add.test.js",
        "passes": [
          {
            "title": "1 加 1 应该等于 2",
            "fullTitle": "加法函数的测试 1 加 1 应该等于 2",
            "timedOut": false,
            "duration": 0,
            "state": "passed",
            "speed": "fast",
            "pass": true,
            "fail": false,
            "pending": false,
            "code": "expect(add(1, 1)).to.be.equal(2);",
            "err": {},
            "isRoot": false,
            "uuid": "497b21d5-ebef-4d5e-a5ad-2d7257662b01",
            "parentUUID": "baf664f5-85a7-4408-bb94-dcd35f908fa0",
            "isHook": false,
            "skipped": false
          },
          {
            "title": "任何数加0应该等于自身",
            "fullTitle": "加法函数的测试 任何数加0应该等于自身",
            "timedOut": false,
            "duration": 0,
            "state": "passed",
            "speed": "fast",
            "pass": true,
            "fail": false,
            "pending": false,
            "code": "expect(add(1, 0)).to.be.equal(1);",
            "err": {},
            "isRoot": false,
            "uuid": "554c8587-8759-416f-b9a3-e89d6a138fe1",
            "parentUUID": "baf664f5-85a7-4408-bb94-dcd35f908fa0",
            "isHook": false,
            "skipped": false
          }
        ],
        "failures": [],
        "skipped": [],
        "hasBeforeHooks": false,
        "hasAfterHooks": false,
        "hasTests": true,
        "hasSuites": false,
        "totalTests": 2,
        "totalPasses": 2,
        "totalFailures": 0,
        "totalPending": 0,
        "totalSkipped": 0,
        "hasPasses": true,
        "hasFailures": false,
        "hasPending": false,
        "hasSkipped": false,
        "duration": 0,
        "rootEmpty": false
      }
    ],
    "tests": [],
    "pending": [],
    "root": true,
    "_timeout": 2000,
    "uuid": "a728ae6b-3f62-46ac-ba3f-77646912d7dd",
    "beforeHooks": [],
    "afterHooks": [],
    "fullFile": "",
    "file": "",
    "passes": [],
    "failures": [],
    "skipped": [],
    "hasBeforeHooks": false,
    "hasAfterHooks": false,
    "hasTests": false,
    "hasSuites": true,
    "totalTests": 0,
    "totalPasses": 0,
    "totalFailures": 0,
    "totalPending": 0,
    "totalSkipped": 0,
    "hasPasses": false,
    "hasFailures": false,
    "hasPending": false,
    "hasSkipped": false,
    "duration": 0,
    "rootEmpty": true
  },
  "allTests": [
    {
      "title": "1 加 1 应该等于 2",
      "fullTitle": "加法函数的测试 1 加 1 应该等于 2",
      "timedOut": false,
      "duration": 0,
      "state": "passed",
      "speed": "fast",
      "pass": true,
      "fail": false,
      "pending": false,
      "code": "expect(add(1, 1)).to.be.equal(2);",
      "err": {},
      "isRoot": false,
      "uuid": "497b21d5-ebef-4d5e-a5ad-2d7257662b01",
      "parentUUID": "baf664f5-85a7-4408-bb94-dcd35f908fa0",
      "isHook": false,
      "skipped": false
    },
    {
      "title": "任何数加0应该等于自身",
      "fullTitle": "加法函数的测试 任何数加0应该等于自身",
      "timedOut": false,
      "duration": 0,
      "state": "passed",
      "speed": "fast",
      "pass": true,
      "fail": false,
      "pending": false,
      "code": "expect(add(1, 0)).to.be.equal(1);",
      "err": {},
      "isRoot": false,
      "uuid": "554c8587-8759-416f-b9a3-e89d6a138fe1",
      "parentUUID": "baf664f5-85a7-4408-bb94-dcd35f908fa0",
      "isHook": false,
      "skipped": false
    }
  ],
  "allPending": [],
  "allPasses": [
    {
      "title": "1 加 1 应该等于 2",
      "fullTitle": "加法函数的测试 1 加 1 应该等于 2",
      "timedOut": false,
      "duration": 0,
      "state": "passed",
      "speed": "fast",
      "pass": true,
      "fail": false,
      "pending": false,
      "code": "expect(add(1, 1)).to.be.equal(2);",
      "err": {},
      "isRoot": false,
      "uuid": "497b21d5-ebef-4d5e-a5ad-2d7257662b01",
      "parentUUID": "baf664f5-85a7-4408-bb94-dcd35f908fa0",
      "isHook": false,
      "skipped": false
    },
    {
      "title": "任何数加0应该等于自身",
      "fullTitle": "加法函数的测试 任何数加0应该等于自身",
      "timedOut": false,
      "duration": 0,
      "state": "passed",
      "speed": "fast",
      "pass": true,
      "fail": false,
      "pending": false,
      "code": "expect(add(1, 0)).to.be.equal(1);",
      "err": {},
      "isRoot": false,
      "uuid": "554c8587-8759-416f-b9a3-e89d6a138fe1",
      "parentUUID": "baf664f5-85a7-4408-bb94-dcd35f908fa0",
      "isHook": false,
      "skipped": false
    }
  ],
  "allFailures": [],
  "copyrightYear": 2017
}